<?xml version="1.0" encoding="UTF-8"?>
<!-- Generated by org.testng.reporters.JUnitReportReporter -->
<testsuite hostname="DESKTOP-S1MQ5B3" failures="0" tests="5" name="com.qa.testlayer.TC_001_ValidateRegisterForm" time="50.817" errors="0" timestamp="31 Oct 2023 18:22:36 GMT" skipped="0">
  <testcase classname="com.qa.testlayer.TC_001_ValidateRegisterForm" name="validateRegisterForm" time="10.627"/>
  <testcase classname="com.qa.testlayer.TC_001_ValidateRegisterForm" name="validateRegisterForm" time="10.830"/>
  <testcase classname="com.qa.testlayer.TC_001_ValidateRegisterForm" name="validateLinkTextinBC" time="7.801"/>
  <testcase classname="com.qa.testlayer.TC_001_ValidateRegisterForm" name="validateRegisterForm" time="10.497"/>
  <testcase classname="com.qa.testlayer.TC_001_ValidateRegisterForm" name="validateRegisterForm" time="11.062"/>
</testsuite> <!-- com.qa.testlayer.TC_001_ValidateRegisterForm -->
