<?xml version="1.0" encoding="UTF-8"?>
<!-- Generated by org.testng.reporters.JUnitReportReporter -->
<testsuite hostname="DESKTOP-S1MQ5B3" failures="0" tests="5" name="com.qa.testlayer.TC_001_ValidateRegisterForm" time="58.260" errors="0" timestamp="02 Nov 2023 17:54:11 GMT" skipped="0">
  <testcase classname="com.qa.testlayer.TC_001_ValidateRegisterForm" name="validateRegisterForm" time="14.146"/>
  <testcase classname="com.qa.testlayer.TC_001_ValidateRegisterForm" name="validateRegisterForm" time="10.822"/>
  <testcase classname="com.qa.testlayer.TC_001_ValidateRegisterForm" name="validateRegisterForm" time="11.552"/>
  <testcase classname="com.qa.testlayer.TC_001_ValidateRegisterForm" name="validateLinkTextinBC" time="9.897"/>
  <testcase classname="com.qa.testlayer.TC_001_ValidateRegisterForm" name="validateRegisterForm" time="11.843"/>
</testsuite> <!-- com.qa.testlayer.TC_001_ValidateRegisterForm -->
